<?xml version="1.0" encoding="UTF-8"?>
<!-- Generated by org.testng.reporters.JUnitReportReporter -->
<testsuite hostname="DESKTOP-I3PT2JI" failures="0" tests="4" name="com.qa.api.gorest.tests.GetImgurApiTest" time="7.053" errors="1" timestamp="20 Sep 2022 13:41:49 GMT" skipped="3">
  <testcase classname="com.qa.api.gorest.tests.GetImgurApiTest" name="getAccountBlockStatusTest" time="0.000">
    <skipped/>
  </testcase> <!-- getAccountBlockStatusTest -->
  <testcase classname="com.qa.api.gorest.tests.GetImgurApiTest" name="uploadImagePostApiTest" time="0.000">
    <skipped/>
  </testcase> <!-- uploadImagePostApiTest -->
  <testcase classname="com.qa.api.gorest.tests.GetImgurApiTest" name="setUp" time="7.053">
    <error type="java.lang.NullPointerException">
      <![CDATA[java.lang.NullPointerException
at com.qa.api.gorest.tests.GetImgurApiTest.setUp(GetImgurApiTest.java:24)
at java.base/jdk.internal.reflect.NativeMethodAccessorImpl.invoke0(Native Method)
at java.base/jdk.internal.reflect.NativeMethodAccessorImpl.invoke(NativeMethodAccessorImpl.java:62)
at java.base/jdk.internal.reflect.DelegatingMethodAccessorImpl.invoke(DelegatingMethodAccessorImpl.java:43)
at java.base/java.lang.reflect.Method.invoke(Method.java:566)
at org.testng.internal.MethodInvocationHelper.invokeMethod(MethodInvocationHelper.java:124)
at org.testng.internal.MethodInvocationHelper.invokeMethodConsideringTimeout(MethodInvocationHelper.java:59)
at org.testng.internal.Invoker.invokeConfigurationMethod(Invoker.java:458)
at org.testng.internal.Invoker.invokeConfigurations(Invoker.java:222)
at org.testng.internal.Invoker.invokeMethod(Invoker.java:523)
at org.testng.internal.Invoker.invokeTestMethod(Invoker.java:719)
at org.testng.internal.Invoker.invokeTestMethods(Invoker.java:989)
at org.testng.internal.TestMethodWorker.invokeTestMethods(TestMethodWorker.java:125)
at org.testng.internal.TestMethodWorker.run(TestMethodWorker.java:109)
at java.base/java.util.concurrent.ThreadPoolExecutor.runWorker(ThreadPoolExecutor.java:1128)
at java.base/java.util.concurrent.ThreadPoolExecutor$Worker.run(ThreadPoolExecutor.java:628)
at java.base/java.lang.Thread.run(Thread.java:834)
]]>
    </error>
  </testcase> <!-- setUp -->
  <testcase classname="com.qa.api.gorest.tests.GetImgurApiTest" name="getAccountImagesTest" time="0.000">
    <skipped/>
  </testcase> <!-- getAccountImagesTest -->
</testsuite> <!-- com.qa.api.gorest.tests.GetImgurApiTest -->
