<?xml version="1.0" encoding="UTF-8"?>
<!-- Generated by org.testng.reporters.JUnitReportReporter -->
<testsuite hostname="DESKTOP-I3PT2JI" failures="0" tests="1" name="com.qa.api.gorest.tests.UserResultsTest" time="3.227" errors="0" timestamp="15 Sep 2022 19:38:15 GMT" skipped="0">
  <testcase classname="com.qa.api.gorest.tests.UserResultsTest" name="createBookingTest" time="3.227"/>
</testsuite> <!-- com.qa.api.gorest.tests.UserResultsTest -->
