<?xml version="1.0" encoding="UTF-8"?>
<!-- Generated by org.testng.reporters.JUnitReportReporter -->
<testsuite hostname="DESKTOP-I3PT2JI" failures="0" tests="1" name="com.qa.api.gorest.util.Token" time="2.970" errors="0" timestamp="13 Sep 2022 01:13:58 GMT" skipped="0">
  <testcase classname="com.qa.api.gorest.util.Token" name="getAccessToken" time="2.970"/>
</testsuite> <!-- com.qa.api.gorest.util.Token -->
