<?xml version="1.0" encoding="UTF-8"?>
<!-- Generated by org.testng.reporters.JUnitReportReporter -->
<testsuite hostname="DESKTOP-I3PT2JI" failures="0" tests="4" name="com.qa.api.gorest.tests.CreateUserTest" time="11.316" errors="0" timestamp="20 Sep 2022 13:41:50 GMT" skipped="0">
  <testcase classname="com.qa.api.gorest.tests.CreateUserTest" name="createUserApiTest" time="1.286"/>
  <testcase classname="com.qa.api.gorest.tests.CreateUserTest" name="createUserApiTest" time="4.017"/>
  <testcase classname="com.qa.api.gorest.tests.CreateUserTest" name="createUserApiTest" time="4.976"/>
  <testcase classname="com.qa.api.gorest.tests.CreateUserTest" name="createUserApiTest" time="1.037"/>
</testsuite> <!-- com.qa.api.gorest.tests.CreateUserTest -->
