<?xml version="1.0" encoding="UTF-8"?>
<!-- Generated by org.testng.reporters.JUnitReportReporter -->
<testsuite hostname="DESKTOP-I3PT2JI" failures="0" tests="3" name="com.qa.api.gorest.tests.GetUserTest" time="10.867" errors="0" timestamp="20 Sep 2022 13:41:49 GMT" skipped="0">
  <testcase classname="com.qa.api.gorest.tests.GetUserTest" name="getGorestPostsTest" time="8.034"/>
  <testcase classname="com.qa.api.gorest.tests.GetUserTest" name="getAllUsersListApiTest" time="1.757"/>
  <testcase classname="com.qa.api.gorest.tests.GetUserTest" name="getUserWithQueryParamApiTest" time="1.076"/>
</testsuite> <!-- com.qa.api.gorest.tests.GetUserTest -->
